# JRE version: OpenJDK Runtime Environment (21.0.6) (build 21.0.6+-13368085-b895.109)
# Java VM: OpenJDK 64-Bit Server VM (21.0.6+-13368085-b895.109, mixed mode, tiered, compressed oops, compressed class ptrs, g1 gc, windows-amd64)
GC Precious Log:
 CardTable entry size: 512
 Card Set container configuration: InlinePtr #cards 5 size 8 Array Of Cards #cards 12 size 40 Howl #buckets 4 coarsen threshold 1843 Howl Bitmap #cards 512 size 80 coarsen threshold 460 Card regions per heap region 1 cards per card region 2048
 CPUs: 12 total, 12 available
 Memory: 7876M
 Large Page Support: Disabled
 NUMA Support: Disabled
 Compressed Oops: Enabled (32-bit)
 Heap Region Size: 1M
 Heap Min Capacity: 8M
 Heap Initial Capacity: 124M
 Heap Max Capacity: 2G
 Pre-touch: Disabled
 Parallel Workers: 10
 Concurrent Workers: 3
 Concurrent Refinement Workers: 10
 Periodic GC: Disabled
Heap:
 garbage-first heap   total 412672K, used 289415K [0x0000000080000000, 0x0000000100000000)
  region size 1024K, 55 young (56320K), 12 survivors (12288K)
 Metaspace       used 196914K, committed 199232K, reserved 1245184K
  class space    used 24506K, committed 25536K, reserved 1048576K
GC Heap History (20 events):
Event: 20.025 GC heap before
{Heap before GC invocations=50 (full 0):
 garbage-first heap   total 299008K, used 285254K [0x0000000080000000, 0x0000000100000000)
  region size 1024K, 99 young (101376K), 7 survivors (7168K)
 Metaspace       used 165841K, committed 168512K, reserved 1245184K
  class space    used 21325K, committed 22656K, reserved 1048576K
}
Event: 20.036 GC heap after
{Heap after GC invocations=51 (full 0):
 garbage-first heap   total 303104K, used 201396K [0x0000000080000000, 0x0000000100000000)
  region size 1024K, 13 young (13312K), 13 survivors (13312K)
 Metaspace       used 165841K, committed 168512K, reserved 1245184K
  class space    used 21325K, committed 22656K, reserved 1048576K
}
Event: 20.510 GC heap before
{Heap before GC invocations=51 (full 0):
 garbage-first heap   total 303104K, used 273076K [0x0000000080000000, 0x0000000100000000)
  region size 1024K, 83 young (84992K), 13 survivors (13312K)
 Metaspace       used 165842K, committed 168512K, reserved 1245184K
  class space    used 21325K, committed 22656K, reserved 1048576K
}
Event: 20.524 GC heap after
{Heap after GC invocations=52 (full 0):
 garbage-first heap   total 303104K, used 202851K [0x0000000080000000, 0x0000000100000000)
  region size 1024K, 7 young (7168K), 7 survivors (7168K)
 Metaspace       used 165842K, committed 168512K, reserved 1245184K
  class space    used 21325K, committed 22656K, reserved 1048576K
}
Event: 21.180 GC heap before
{Heap before GC invocations=52 (full 0):
 garbage-first heap   total 303104K, used 264291K [0x0000000080000000, 0x0000000100000000)
  region size 1024K, 69 young (70656K), 7 survivors (7168K)
 Metaspace       used 169236K, committed 172032K, reserved 1245184K
  class space    used 21732K, committed 23104K, reserved 1048576K
}
Event: 21.188 GC heap after
{Heap after GC invocations=53 (full 0):
 garbage-first heap   total 303104K, used 207682K [0x0000000080000000, 0x0000000100000000)
  region size 1024K, 7 young (7168K), 7 survivors (7168K)
 Metaspace       used 169236K, committed 172032K, reserved 1245184K
  class space    used 21732K, committed 23104K, reserved 1048576K
}
Event: 21.973 GC heap before
{Heap before GC invocations=54 (full 0):
 garbage-first heap   total 350208K, used 277314K [0x0000000080000000, 0x0000000100000000)
  region size 1024K, 74 young (75776K), 7 survivors (7168K)
 Metaspace       used 176864K, committed 179648K, reserved 1245184K
  class space    used 22728K, committed 24064K, reserved 1048576K
}
Event: 21.981 GC heap after
{Heap after GC invocations=55 (full 0):
 garbage-first heap   total 350208K, used 209647K [0x0000000080000000, 0x0000000100000000)
  region size 1024K, 4 young (4096K), 4 survivors (4096K)
 Metaspace       used 176864K, committed 179648K, reserved 1245184K
  class space    used 22728K, committed 24064K, reserved 1048576K
}
Event: 23.106 GC heap before
{Heap before GC invocations=55 (full 0):
 garbage-first heap   total 350208K, used 320239K [0x0000000080000000, 0x0000000100000000)
  region size 1024K, 108 young (110592K), 4 survivors (4096K)
 Metaspace       used 182598K, committed 185408K, reserved 1245184K
  class space    used 23295K, committed 24640K, reserved 1048576K
}
Event: 23.122 GC heap after
{Heap after GC invocations=56 (full 0):
 garbage-first heap   total 350208K, used 206532K [0x0000000080000000, 0x0000000100000000)
  region size 1024K, 13 young (13312K), 13 survivors (13312K)
 Metaspace       used 182598K, committed 185408K, reserved 1245184K
  class space    used 23295K, committed 24640K, reserved 1048576K
}
Event: 3352.108 GC heap before
{Heap before GC invocations=56 (full 0):
 garbage-first heap   total 350208K, used 315076K [0x0000000080000000, 0x0000000100000000)
  region size 1024K, 120 young (122880K), 13 survivors (13312K)
 Metaspace       used 184244K, committed 187200K, reserved 1245184K
  class space    used 23460K, committed 24960K, reserved 1048576K
}
Event: 3352.360 GC heap after
{Heap after GC invocations=57 (full 0):
 garbage-first heap   total 350208K, used 208156K [0x0000000080000000, 0x0000000100000000)
  region size 1024K, 2 young (2048K), 2 survivors (2048K)
 Metaspace       used 184244K, committed 187200K, reserved 1245184K
  class space    used 23460K, committed 24960K, reserved 1048576K
}
Event: 5325.676 GC heap before
{Heap before GC invocations=58 (full 0):
 garbage-first heap   total 350208K, used 322844K [0x0000000080000000, 0x0000000100000000)
  region size 1024K, 115 young (117760K), 2 survivors (2048K)
 Metaspace       used 186396K, committed 188992K, reserved 1245184K
  class space    used 23384K, committed 25152K, reserved 1048576K
}
Event: 5325.742 GC heap after
{Heap after GC invocations=59 (full 0):
 garbage-first heap   total 350208K, used 213952K [0x0000000080000000, 0x0000000100000000)
  region size 1024K, 8 young (8192K), 8 survivors (8192K)
 Metaspace       used 186396K, committed 188992K, reserved 1245184K
  class space    used 23384K, committed 25152K, reserved 1048576K
}
Event: 5328.811 GC heap before
{Heap before GC invocations=59 (full 0):
 garbage-first heap   total 350208K, used 321472K [0x0000000080000000, 0x0000000100000000)
  region size 1024K, 114 young (116736K), 8 survivors (8192K)
 Metaspace       used 192252K, committed 194112K, reserved 1245184K
  class space    used 24219K, committed 25152K, reserved 1048576K
}
Event: 5328.935 GC heap after
{Heap after GC invocations=60 (full 0):
 garbage-first heap   total 357376K, used 204154K [0x0000000080000000, 0x0000000100000000)
  region size 1024K, 15 young (15360K), 15 survivors (15360K)
 Metaspace       used 192252K, committed 194112K, reserved 1245184K
  class space    used 24219K, committed 25152K, reserved 1048576K
}
Event: 5333.109 GC heap before
{Heap before GC invocations=60 (full 0):
 garbage-first heap   total 369664K, used 352634K [0x0000000080000000, 0x0000000100000000)
  region size 1024K, 130 young (133120K), 15 survivors (15360K)
 Metaspace       used 193302K, committed 195008K, reserved 1245184K
  class space    used 24293K, committed 25152K, reserved 1048576K
}
Event: 5333.211 GC heap after
{Heap after GC invocations=61 (full 0):
 garbage-first heap   total 412672K, used 232448K [0x0000000080000000, 0x0000000100000000)
  region size 1024K, 17 young (17408K), 17 survivors (17408K)
 Metaspace       used 193302K, committed 195008K, reserved 1245184K
  class space    used 24293K, committed 25152K, reserved 1048576K
}
Event: 5335.130 GC heap before
{Heap before GC invocations=61 (full 0):
 garbage-first heap   total 412672K, used 356352K [0x0000000080000000, 0x0000000100000000)
  region size 1024K, 139 young (142336K), 17 survivors (17408K)
 Metaspace       used 196933K, committed 198656K, reserved 1245184K
  class space    used 24607K, committed 25472K, reserved 1048576K
}
Event: 5335.159 GC heap after
{Heap after GC invocations=62 (full 0):
 garbage-first heap   total 412672K, used 246407K [0x0000000080000000, 0x0000000100000000)
  region size 1024K, 12 young (12288K), 12 survivors (12288K)
 Metaspace       used 196933K, committed 198656K, reserved 1245184K
  class space    used 24607K, committed 25472K, reserved 1048576K
}

