# JRE version: OpenJDK Runtime Environment (21.0.6) (build 21.0.6+-13368085-b895.109)
# Java VM: OpenJDK 64-Bit Server VM (21.0.6+-13368085-b895.109, mixed mode, tiered, compressed oops, compressed class ptrs, g1 gc, windows-amd64)
GC Precious Log:
 CardTable entry size: 512
 Card Set container configuration: InlinePtr #cards 5 size 8 Array Of Cards #cards 12 size 40 Howl #buckets 4 coarsen threshold 1843 Howl Bitmap #cards 512 size 80 coarsen threshold 460 Card regions per heap region 1 cards per card region 2048
 CPUs: 12 total, 12 available
 Memory: 7876M
 Large Page Support: Disabled
 NUMA Support: Disabled
 Compressed Oops: Enabled (32-bit)
 Heap Region Size: 1M
 Heap Min Capacity: 8M
 Heap Initial Capacity: 124M
 Heap Max Capacity: 2G
 Pre-touch: Disabled
 Parallel Workers: 10
 Concurrent Workers: 3
 Concurrent Refinement Workers: 10
 Periodic GC: Disabled
Heap:
 garbage-first heap   total 319488K, used 254546K [0x0000000080000000, 0x0000000100000000)
  region size 1024K, 61 young (62464K), 8 survivors (8192K)
 Metaspace       used 165948K, committed 168640K, reserved 1245184K
  class space    used 21342K, committed 22656K, reserved 1048576K
GC Heap History (20 events):
Event: 15.307 GC heap before
{Heap before GC invocations=33 (full 0):
 garbage-first heap   total 218112K, used 197030K [0x0000000080000000, 0x0000000100000000)
  region size 1024K, 76 young (77824K), 7 survivors (7168K)
 Metaspace       used 134752K, committed 137088K, reserved 1179648K
  class space    used 17239K, committed 18368K, reserved 1048576K
}
Event: 15.316 GC heap after
{Heap after GC invocations=34 (full 0):
 garbage-first heap   total 218112K, used 131781K [0x0000000080000000, 0x0000000100000000)
  region size 1024K, 5 young (5120K), 5 survivors (5120K)
 Metaspace       used 134752K, committed 137088K, reserved 1179648K
  class space    used 17239K, committed 18368K, reserved 1048576K
}
Event: 16.117 GC heap before
{Heap before GC invocations=35 (full 0):
 garbage-first heap   total 222208K, used 206533K [0x0000000080000000, 0x0000000100000000)
  region size 1024K, 71 young (72704K), 5 survivors (5120K)
 Metaspace       used 135092K, committed 137472K, reserved 1179648K
  class space    used 17287K, committed 18432K, reserved 1048576K
}
Event: 16.126 GC heap after
{Heap after GC invocations=36 (full 0):
 garbage-first heap   total 222208K, used 139116K [0x0000000080000000, 0x0000000100000000)
  region size 1024K, 9 young (9216K), 9 survivors (9216K)
 Metaspace       used 135092K, committed 137472K, reserved 1179648K
  class space    used 17287K, committed 18432K, reserved 1048576K
}
Event: 16.331 GC heap before
{Heap before GC invocations=36 (full 0):
 garbage-first heap   total 222208K, used 206700K [0x0000000080000000, 0x0000000100000000)
  region size 1024K, 69 young (70656K), 9 survivors (9216K)
 Metaspace       used 135222K, committed 137600K, reserved 1179648K
  class space    used 17289K, committed 18432K, reserved 1048576K
}
Event: 16.346 GC heap after
{Heap after GC invocations=37 (full 0):
 garbage-first heap   total 229376K, used 148280K [0x0000000080000000, 0x0000000100000000)
  region size 1024K, 9 young (9216K), 9 survivors (9216K)
 Metaspace       used 135222K, committed 137600K, reserved 1179648K
  class space    used 17289K, committed 18432K, reserved 1048576K
}
Event: 16.674 GC heap before
{Heap before GC invocations=37 (full 0):
 garbage-first heap   total 229376K, used 184120K [0x0000000080000000, 0x0000000100000000)
  region size 1024K, 45 young (46080K), 9 survivors (9216K)
 Metaspace       used 135850K, committed 138240K, reserved 1179648K
  class space    used 17321K, committed 18496K, reserved 1048576K
}
Event: 16.682 GC heap after
{Heap after GC invocations=38 (full 0):
 garbage-first heap   total 229376K, used 153538K [0x0000000080000000, 0x0000000100000000)
  region size 1024K, 5 young (5120K), 5 survivors (5120K)
 Metaspace       used 135850K, committed 138240K, reserved 1179648K
  class space    used 17321K, committed 18496K, reserved 1048576K
}
Event: 17.322 GC heap before
{Heap before GC invocations=39 (full 0):
 garbage-first heap   total 258048K, used 212930K [0x0000000080000000, 0x0000000100000000)
  region size 1024K, 60 young (61440K), 5 survivors (5120K)
 Metaspace       used 140132K, committed 142592K, reserved 1179648K
  class space    used 17800K, committed 19008K, reserved 1048576K
}
Event: 17.329 GC heap after
{Heap after GC invocations=40 (full 0):
 garbage-first heap   total 258048K, used 162553K [0x0000000080000000, 0x0000000100000000)
  region size 1024K, 6 young (6144K), 6 survivors (6144K)
 Metaspace       used 140132K, committed 142592K, reserved 1179648K
  class space    used 17800K, committed 19008K, reserved 1048576K
}
Event: 18.088 GC heap before
{Heap before GC invocations=40 (full 0):
 garbage-first heap   total 258048K, used 237305K [0x0000000080000000, 0x0000000100000000)
  region size 1024K, 74 young (75776K), 6 survivors (6144K)
 Metaspace       used 146432K, committed 148928K, reserved 1179648K
  class space    used 18660K, committed 19904K, reserved 1048576K
}
Event: 18.098 GC heap after
{Heap after GC invocations=41 (full 0):
 garbage-first heap   total 310272K, used 166267K [0x0000000080000000, 0x0000000100000000)
  region size 1024K, 6 young (6144K), 6 survivors (6144K)
 Metaspace       used 146432K, committed 148928K, reserved 1179648K
  class space    used 18660K, committed 19904K, reserved 1048576K
}
Event: 19.118 GC heap before
{Heap before GC invocations=41 (full 0):
 garbage-first heap   total 310272K, used 273787K [0x0000000080000000, 0x0000000100000000)
  region size 1024K, 109 young (111616K), 6 survivors (6144K)
 Metaspace       used 149891K, committed 152384K, reserved 1245184K
  class space    used 19096K, committed 20352K, reserved 1048576K
}
Event: 19.129 GC heap after
{Heap after GC invocations=42 (full 0):
 garbage-first heap   total 310272K, used 175364K [0x0000000080000000, 0x0000000100000000)
  region size 1024K, 14 young (14336K), 14 survivors (14336K)
 Metaspace       used 149891K, committed 152384K, reserved 1245184K
  class space    used 19096K, committed 20352K, reserved 1048576K
}
Event: 20.362 GC heap before
{Heap before GC invocations=42 (full 0):
 garbage-first heap   total 310272K, used 276740K [0x0000000080000000, 0x0000000100000000)
  region size 1024K, 113 young (115712K), 14 survivors (14336K)
 Metaspace       used 153725K, committed 156288K, reserved 1245184K
  class space    used 19434K, committed 20672K, reserved 1048576K
}
Event: 20.377 GC heap after
{Heap after GC invocations=43 (full 0):
 garbage-first heap   total 310272K, used 186869K [0x0000000080000000, 0x0000000100000000)
  region size 1024K, 11 young (11264K), 11 survivors (11264K)
 Metaspace       used 153725K, committed 156288K, reserved 1245184K
  class space    used 19434K, committed 20672K, reserved 1048576K
}
Event: 20.604 GC heap before
{Heap before GC invocations=43 (full 0):
 garbage-first heap   total 310272K, used 199157K [0x0000000080000000, 0x0000000100000000)
  region size 1024K, 24 young (24576K), 11 survivors (11264K)
 Metaspace       used 154631K, committed 157248K, reserved 1245184K
  class space    used 19569K, committed 20864K, reserved 1048576K
}
Event: 20.610 GC heap after
{Heap after GC invocations=44 (full 0):
 garbage-first heap   total 310272K, used 188840K [0x0000000080000000, 0x0000000100000000)
  region size 1024K, 3 young (3072K), 3 survivors (3072K)
 Metaspace       used 154631K, committed 157248K, reserved 1245184K
  class space    used 19569K, committed 20864K, reserved 1048576K
}
Event: 21.822 GC heap before
{Heap before GC invocations=45 (full 0):
 garbage-first heap   total 319488K, used 299432K [0x0000000080000000, 0x0000000100000000)
  region size 1024K, 96 young (98304K), 3 survivors (3072K)
 Metaspace       used 162563K, committed 165184K, reserved 1245184K
  class space    used 20858K, committed 22144K, reserved 1048576K
}
Event: 21.828 GC heap after
{Heap after GC invocations=46 (full 0):
 garbage-first heap   total 319488K, used 202322K [0x0000000080000000, 0x0000000100000000)
  region size 1024K, 8 young (8192K), 8 survivors (8192K)
 Metaspace       used 162563K, committed 165184K, reserved 1245184K
  class space    used 20858K, committed 22144K, reserved 1048576K
}

