# JRE version: OpenJDK Runtime Environment (21.0.6) (build 21.0.6+-13368085-b895.109)
# Java VM: OpenJDK 64-Bit Server VM (21.0.6+-13368085-b895.109, mixed mode, tiered, compressed oops, compressed class ptrs, g1 gc, windows-amd64)
GC Precious Log:
 CardTable entry size: 512
 Card Set container configuration: InlinePtr #cards 5 size 8 Array Of Cards #cards 12 size 40 Howl #buckets 4 coarsen threshold 1843 Howl Bitmap #cards 512 size 80 coarsen threshold 460 Card regions per heap region 1 cards per card region 2048
 CPUs: 12 total, 12 available
 Memory: 7876M
 Large Page Support: Disabled
 NUMA Support: Disabled
 Compressed Oops: Enabled (32-bit)
 Heap Region Size: 1M
 Heap Min Capacity: 8M
 Heap Initial Capacity: 124M
 Heap Max Capacity: 2G
 Pre-touch: Disabled
 Parallel Workers: 10
 Concurrent Workers: 3
 Concurrent Refinement Workers: 10
 Periodic GC: Disabled
Heap:
 garbage-first heap   total 158720K, used 128790K [0x0000000080000000, 0x0000000100000000)
  region size 1024K, 54 young (55296K), 1 survivors (1024K)
 Metaspace       used 67111K, committed 68736K, reserved 1114112K
  class space    used 9384K, committed 10176K, reserved 1048576K
GC Heap History (20 events):
Event: 5.512 GC heap before
{Heap before GC invocations=5 (full 0):
 garbage-first heap   total 71680K, used 71157K [0x0000000080000000, 0x0000000100000000)
  region size 1024K, 58 young (59392K), 9 survivors (9216K)
 Metaspace       used 29405K, committed 29952K, reserved 1114112K
  class space    used 3738K, committed 3968K, reserved 1048576K
}
Event: 5.521 GC heap after
{Heap after GC invocations=6 (full 0):
 garbage-first heap   total 101376K, used 23570K [0x0000000080000000, 0x0000000100000000)
  region size 1024K, 7 young (7168K), 7 survivors (7168K)
 Metaspace       used 29405K, committed 29952K, reserved 1114112K
  class space    used 3738K, committed 3968K, reserved 1048576K
}
Event: 6.796 GC heap before
{Heap before GC invocations=6 (full 0):
 garbage-first heap   total 101376K, used 78866K [0x0000000080000000, 0x0000000100000000)
  region size 1024K, 51 young (52224K), 7 survivors (7168K)
 Metaspace       used 35071K, committed 35968K, reserved 1114112K
  class space    used 4695K, committed 5184K, reserved 1048576K
}
Event: 6.804 GC heap after
{Heap after GC invocations=7 (full 0):
 garbage-first heap   total 101376K, used 40827K [0x0000000080000000, 0x0000000100000000)
  region size 1024K, 8 young (8192K), 8 survivors (8192K)
 Metaspace       used 35071K, committed 35968K, reserved 1114112K
  class space    used 4695K, committed 5184K, reserved 1048576K
}
Event: 6.898 GC heap before
{Heap before GC invocations=7 (full 0):
 garbage-first heap   total 101376K, used 45947K [0x0000000080000000, 0x0000000100000000)
  region size 1024K, 14 young (14336K), 8 survivors (8192K)
 Metaspace       used 35388K, committed 36288K, reserved 1114112K
  class space    used 4750K, committed 5184K, reserved 1048576K
}
Event: 6.903 GC heap after
{Heap after GC invocations=8 (full 0):
 garbage-first heap   total 101376K, used 43833K [0x0000000080000000, 0x0000000100000000)
  region size 1024K, 2 young (2048K), 2 survivors (2048K)
 Metaspace       used 35388K, committed 36288K, reserved 1114112K
  class space    used 4750K, committed 5184K, reserved 1048576K
}
Event: 7.608 GC heap before
{Heap before GC invocations=9 (full 0):
 garbage-first heap   total 101376K, used 86841K [0x0000000080000000, 0x0000000100000000)
  region size 1024K, 44 young (45056K), 2 survivors (2048K)
 Metaspace       used 40849K, committed 42048K, reserved 1114112K
  class space    used 5627K, committed 6208K, reserved 1048576K
}
Event: 7.612 GC heap after
{Heap after GC invocations=10 (full 0):
 garbage-first heap   total 101376K, used 45581K [0x0000000080000000, 0x0000000100000000)
  region size 1024K, 4 young (4096K), 4 survivors (4096K)
 Metaspace       used 40849K, committed 42048K, reserved 1114112K
  class space    used 5627K, committed 6208K, reserved 1048576K
}
Event: 8.824 GC heap before
{Heap before GC invocations=10 (full 0):
 garbage-first heap   total 101376K, used 86541K [0x0000000080000000, 0x0000000100000000)
  region size 1024K, 45 young (46080K), 4 survivors (4096K)
 Metaspace       used 48980K, committed 50304K, reserved 1114112K
  class space    used 6630K, committed 7296K, reserved 1048576K
}
Event: 8.833 GC heap after
{Heap after GC invocations=11 (full 0):
 garbage-first heap   total 101376K, used 49543K [0x0000000080000000, 0x0000000100000000)
  region size 1024K, 6 young (6144K), 6 survivors (6144K)
 Metaspace       used 48980K, committed 50304K, reserved 1114112K
  class space    used 6630K, committed 7296K, reserved 1048576K
}
Event: 9.134 GC heap before
{Heap before GC invocations=11 (full 0):
 garbage-first heap   total 101376K, used 76167K [0x0000000080000000, 0x0000000100000000)
  region size 1024K, 33 young (33792K), 6 survivors (6144K)
 Metaspace       used 49750K, committed 51072K, reserved 1114112K
  class space    used 6702K, committed 7360K, reserved 1048576K
}
Event: 9.139 GC heap after
{Heap after GC invocations=12 (full 0):
 garbage-first heap   total 101376K, used 53092K [0x0000000080000000, 0x0000000100000000)
  region size 1024K, 3 young (3072K), 3 survivors (3072K)
 Metaspace       used 49750K, committed 51072K, reserved 1114112K
  class space    used 6702K, committed 7360K, reserved 1048576K
}
Event: 10.077 GC heap before
{Heap before GC invocations=13 (full 0):
 garbage-first heap   total 101376K, used 93028K [0x0000000080000000, 0x0000000100000000)
  region size 1024K, 38 young (38912K), 3 survivors (3072K)
 Metaspace       used 54731K, committed 56256K, reserved 1114112K
  class space    used 7391K, committed 8128K, reserved 1048576K
}
Event: 10.083 GC heap after
{Heap after GC invocations=14 (full 0):
 garbage-first heap   total 101376K, used 54168K [0x0000000080000000, 0x0000000100000000)
  region size 1024K, 5 young (5120K), 5 survivors (5120K)
 Metaspace       used 54731K, committed 56256K, reserved 1114112K
  class space    used 7391K, committed 8128K, reserved 1048576K
}
Event: 11.119 GC heap before
{Heap before GC invocations=14 (full 0):
 garbage-first heap   total 107520K, used 103320K [0x0000000080000000, 0x0000000100000000)
  region size 1024K, 39 young (39936K), 5 survivors (5120K)
 Metaspace       used 57041K, committed 58624K, reserved 1114112K
  class space    used 7724K, committed 8512K, reserved 1048576K
}
Event: 11.130 GC heap after
{Heap after GC invocations=15 (full 0):
 garbage-first heap   total 115712K, used 74471K [0x0000000080000000, 0x0000000100000000)
  region size 1024K, 5 young (5120K), 5 survivors (5120K)
 Metaspace       used 57041K, committed 58624K, reserved 1114112K
  class space    used 7724K, committed 8512K, reserved 1048576K
}
Event: 11.133 GC heap before
{Heap before GC invocations=15 (full 0):
 garbage-first heap   total 115712K, used 74471K [0x0000000080000000, 0x0000000100000000)
  region size 1024K, 7 young (7168K), 5 survivors (5120K)
 Metaspace       used 57041K, committed 58624K, reserved 1114112K
  class space    used 7724K, committed 8512K, reserved 1048576K
}
Event: 11.138 GC heap after
{Heap after GC invocations=16 (full 0):
 garbage-first heap   total 115712K, used 75617K [0x0000000080000000, 0x0000000100000000)
  region size 1024K, 1 young (1024K), 1 survivors (1024K)
 Metaspace       used 57041K, committed 58624K, reserved 1114112K
  class space    used 7724K, committed 8512K, reserved 1048576K
}
Event: 11.484 GC heap before
{Heap before GC invocations=17 (full 0):
 garbage-first heap   total 132096K, used 107361K [0x0000000080000000, 0x0000000100000000)
  region size 1024K, 30 young (30720K), 1 survivors (1024K)
 Metaspace       used 58810K, committed 60416K, reserved 1114112K
  class space    used 7871K, committed 8640K, reserved 1048576K
}
Event: 11.487 GC heap after
{Heap after GC invocations=18 (full 0):
 garbage-first heap   total 158720K, used 75542K [0x0000000080000000, 0x0000000100000000)
  region size 1024K, 1 young (1024K), 1 survivors (1024K)
 Metaspace       used 58810K, committed 60416K, reserved 1114112K
  class space    used 7871K, committed 8640K, reserved 1048576K
}

